<?xml version="1.0" encoding="UTF-8"?>
<testng-results skipped="0" failed="0" ignored="0" total="1" passed="1">
  <reporter-output>
  </reporter-output>
  <suite name="Default suite" duration-ms="31782" started-at="2019-08-06T04:43:03Z" finished-at="2019-08-06T04:43:35Z">
    <groups>
    </groups>
    <test name="Default test" duration-ms="31782" started-at="2019-08-06T04:43:03Z" finished-at="2019-08-06T04:43:35Z">
      <class name="com.testingfoo.tests.LoginTest">
        <test-method status="PASS" signature="setUpTest()[pri:0, instance:com.testingfoo.tests.LoginTest@62e70ea3]" name="setUpTest" is-config="true" duration-ms="16087" started-at="2019-08-06T04:43:03Z" finished-at="2019-08-06T04:43:19Z">
          <reporter-output>
          </reporter-output>
        </test-method> <!-- setUpTest -->
        <test-method status="PASS" signature="test()[pri:0, instance:com.testingfoo.tests.LoginTest@62e70ea3]" name="test" duration-ms="14911" started-at="2019-08-06T04:43:19Z" finished-at="2019-08-06T04:43:34Z">
          <reporter-output>
          </reporter-output>
        </test-method> <!-- test -->
        <test-method status="PASS" signature="tearDown()[pri:0, instance:com.testingfoo.tests.LoginTest@62e70ea3]" name="tearDown" is-config="true" duration-ms="461" started-at="2019-08-06T04:43:34Z" finished-at="2019-08-06T04:43:35Z">
          <reporter-output>
          </reporter-output>
        </test-method> <!-- tearDown -->
      </class> <!-- com.testingfoo.tests.LoginTest -->
    </test> <!-- Default test -->
  </suite> <!-- Default suite -->
</testng-results>
